SF:lib/services/api/models.dart
DA:7,4
DA:9,4
DA:10,4
DA:11,4
DA:12,4
DA:13,4
DA:22,2
DA:24,4
DA:25,6
DA:26,4
DA:27,4
DA:35,4
DA:37,4
DA:38,2
DA:39,2
DA:40,6
DA:41,6
DA:42,6
DA:43,6
DA:52,2
DA:54,4
DA:55,2
DA:56,4
LF:23
LH:23
end_of_record
SF:lib/services/api/api_client.dart
DA:8,2
DA:10,4
DA:11,8
DA:13,4
DA:17,2
DA:20,6
DA:21,0
DA:22,0
DA:23,0
DA:24,0
DA:26,0
DA:28,0
DA:29,0
DA:33,2
DA:36,4
LF:15
LH:8
end_of_record
SF:lib/services/api/payments_api.dart
DA:7,1
DA:9,1
DA:14,4
DA:18,2
DA:19,1
DA:20,1
DA:22,1
DA:24,1
DA:27,0
DA:28,0
LF:10
LH:8
end_of_record
SF:lib/features/home/state/daily_provider.dart
DA:6,6
DA:7,3
DA:8,2
DA:11,6
DA:13,2
DA:17,2
DA:19,2
DA:20,0
DA:21,0
DA:22,0
DA:24,4
LF:11
LH:8
end_of_record
SF:lib/services/api/daily_api.dart
DA:6,1
DA:8,1
DA:9,4
DA:10,2
DA:13,0
DA:14,0
DA:15,0
LF:7
LH:4
end_of_record
SF:lib/services/auth/auth_service.dart
DA:5,0
DA:7,0
DA:8,0
DA:9,0
DA:12,0
DA:14,0
DA:15,0
DA:16,0
DA:17,0
DA:21,0
DA:22,0
LF:11
LH:0
end_of_record
SF:lib/core/i18n/app_localizations.dart
DA:5,4
DA:97,3
DA:98,3
DA:100,4
DA:101,8
DA:102,4
DA:103,4
DA:108,3
DA:109,3
DA:111,15
DA:113,3
DA:114,3
DA:116,0
DA:121,6
LF:14
LH:13
end_of_record
SF:lib/services/api/favorites_api.dart
DA:5,1
DA:7,1
DA:8,4
DA:9,1
DA:10,0
DA:12,1
DA:13,1
DA:14,1
DA:17,0
DA:18,0
DA:22,0
DA:25,0
DA:26,0
LF:13
LH:7
end_of_record
SF:lib/services/api/recipes_api.dart
DA:5,1
DA:7,1
DA:8,4
DA:9,1
DA:10,0
DA:12,1
DA:13,1
DA:14,1
DA:17,0
DA:18,0
DA:22,0
DA:25,0
DA:26,0
LF:13
LH:7
end_of_record
SF:lib/services/api/weight_logs_api.dart
DA:5,1
DA:7,1
DA:8,4
DA:14,0
DA:15,0
DA:16,0
DA:18,0
DA:19,0
LF:8
LH:3
end_of_record
SF:lib/services/api/analyze_api.dart
DA:8,1
DA:10,1
DA:11,2
DA:12,6
DA:13,0
DA:14,0
DA:16,3
DA:17,2
LF:8
LH:6
end_of_record
SF:lib/features/home/screens/capture_screen.dart
DA:12,5
DA:13,1
DA:14,1
DA:22,0
DA:23,0
DA:24,0
DA:25,0
DA:28,1
DA:29,1
DA:30,0
DA:32,0
DA:33,0
DA:34,0
DA:35,0
DA:36,0
DA:37,0
DA:38,0
DA:39,0
DA:40,0
DA:41,0
DA:42,0
DA:43,0
DA:47,0
DA:51,1
DA:53,1
DA:54,1
DA:55,3
DA:56,1
DA:57,1
DA:59,1
DA:60,1
DA:61,1
DA:62,1
DA:63,1
DA:64,1
DA:65,5
DA:67,5
DA:70,1
DA:71,1
DA:72,0
DA:73,0
DA:75,0
DA:77,0
DA:78,0
DA:80,0
DA:81,0
DA:82,0
DA:83,0
LF:48
LH:21
end_of_record
SF:lib/core/widgets/app_scaffold.dart
DA:9,3
DA:17,3
DA:19,3
DA:20,3
DA:21,3
DA:22,3
DA:23,3
DA:24,3
DA:26,3
DA:27,0
DA:41,0
DA:43,0
DA:46,0
DA:48,0
DA:49,0
DA:50,0
DA:51,0
LF:17
LH:9
end_of_record
SF:lib/features/analysis/screens/analysis_result_screen.dart
DA:10,0
DA:12,0
DA:14,0
DA:15,0
DA:16,0
DA:18,0
DA:20,0
DA:21,0
DA:22,0
DA:23,0
DA:24,0
DA:26,0
DA:27,0
DA:29,0
DA:31,0
LF:15
LH:0
end_of_record
SF:lib/core/theme/theme.dart
DA:11,4
DA:18,0
DA:24,0
DA:25,0
DA:26,0
DA:27,0
DA:28,0
DA:31,0
DA:34,0
DA:35,0
DA:36,0
DA:37,0
DA:38,0
DA:39,0
DA:44,1
DA:45,1
DA:48,1
DA:57,1
DA:59,1
DA:80,0
DA:81,0
DA:84,0
DA:93,0
DA:95,0
LF:24
LH:6
end_of_record
SF:lib/features/main/main_tabs_screen.dart
DA:7,1
DA:9,1
DA:10,1
DA:16,1
DA:18,1
DA:19,1
DA:20,2
DA:21,1
DA:22,1
DA:23,4
LF:10
LH:10
end_of_record
SF:lib/core/pickers/ruler_picker.dart
DA:13,0
DA:25,0
DA:26,0
DA:34,0
DA:36,0
DA:37,0
DA:38,0
DA:41,0
DA:43,0
DA:44,0
DA:45,0
DA:46,0
DA:50,0
DA:52,0
DA:54,0
DA:55,0
DA:57,0
DA:58,0
DA:59,0
DA:62,0
DA:64,0
DA:65,0
DA:67,0
DA:68,0
DA:69,0
DA:71,0
DA:72,0
DA:73,0
DA:74,0
DA:76,0
DA:77,0
DA:78,0
DA:81,0
DA:82,0
DA:84,0
DA:85,0
DA:86,0
DA:87,0
DA:89,0
DA:91,0
DA:93,0
DA:96,0
DA:97,0
DA:98,0
DA:99,0
DA:107,0
DA:109,0
DA:110,0
DA:120,0
DA:122,0
DA:123,0
DA:124,0
DA:125,0
DA:126,0
DA:129,0
LF:55
LH:0
end_of_record
SF:lib/features/extras/screens/food_database_screen.dart
DA:5,4
DA:6,0
DA:8,0
DA:9,0
DA:10,0
DA:11,0
DA:17,0
DA:18,0
DA:19,0
DA:20,0
LF:10
LH:1
end_of_record
SF:lib/features/favorites/screens/favorites_list_screen.dart
DA:9,4
DA:10,0
DA:11,0
DA:18,0
DA:20,0
DA:21,0
DA:24,0
DA:25,0
DA:27,0
DA:28,0
DA:29,0
DA:30,0
DA:32,0
DA:36,0
DA:38,0
DA:39,0
DA:40,0
DA:41,0
DA:42,0
DA:43,0
DA:44,0
DA:46,0
DA:47,0
DA:48,0
DA:49,0
DA:50,0
DA:52,0
DA:55,0
DA:56,0
DA:59,0
DA:60,0
DA:62,0
DA:63,0
DA:64,0
DA:67,0
LF:35
LH:1
end_of_record
SF:lib/features/favorites/screens/favorites_save_screen.dart
DA:8,4
DA:9,0
DA:10,0
DA:17,0
DA:18,0
DA:20,0
DA:21,0
DA:22,0
DA:23,0
DA:24,0
DA:26,0
DA:30,0
DA:32,0
DA:33,0
DA:34,0
DA:35,0
DA:36,0
DA:38,0
DA:39,0
DA:40,0
DA:42,0
LF:21
LH:1
end_of_record
SF:lib/features/home/screens/barcode_scanner_screen.dart
DA:7,4
DA:8,0
DA:9,0
DA:16,0
DA:17,0
DA:18,0
DA:19,0
DA:20,0
DA:21,0
DA:22,0
DA:23,0
DA:24,0
DA:30,0
DA:32,0
DA:33,0
DA:34,0
DA:35,0
DA:36,0
DA:37,0
DA:38,0
DA:39,0
DA:41,0
DA:44,0
DA:45,0
DA:46,0
DA:47,0
DA:48,0
DA:52,0
DA:53,0
LF:29
LH:1
end_of_record
SF:lib/features/home/screens/history_screen.dart
DA:8,4
DA:10,0
DA:11,0
DA:18,0
DA:20,0
DA:21,0
DA:24,0
DA:25,0
DA:27,0
DA:28,0
DA:29,0
DA:30,0
DA:32,0
DA:36,0
DA:38,0
DA:39,0
DA:40,0
DA:41,0
DA:42,0
DA:43,0
DA:44,0
DA:46,0
DA:47,0
DA:48,0
DA:50,0
DA:51,0
DA:52,0
DA:54,0
DA:55,0
DA:57,0
DA:60,0
DA:61,0
LF:32
LH:1
end_of_record
SF:lib/services/api/history_api.dart
DA:5,0
DA:7,0
DA:8,0
DA:9,0
DA:10,0
DA:12,0
DA:13,0
DA:14,0
LF:8
LH:0
end_of_record
SF:lib/features/home/screens/home_screen.dart
DA:13,4
DA:15,1
DA:16,1
DA:22,0
DA:23,0
DA:26,1
DA:28,1
DA:29,1
DA:30,1
DA:31,2
DA:32,1
DA:33,1
DA:35,0
DA:36,0
DA:39,1
DA:41,0
DA:42,0
DA:45,1
DA:47,1
DA:49,1
DA:51,0
DA:52,0
DA:56,1
DA:58,1
DA:60,1
DA:65,1
DA:66,0
DA:71,2
DA:72,1
DA:73,1
DA:75,1
DA:76,0
DA:77,0
DA:79,2
DA:88,4
DA:90,1
DA:92,1
DA:106,4
DA:107,0
DA:109,0
LF:40
LH:27
end_of_record
SF:lib/features/home/widgets/streak_popup.dart
DA:6,0
DA:8,0
DA:10,0
DA:11,0
DA:13,0
DA:15,0
DA:16,0
DA:18,0
DA:22,0
LF:9
LH:0
end_of_record
SF:lib/features/home/screens/label_analyze_screen.dart
DA:10,4
DA:11,0
DA:12,0
DA:20,0
DA:21,0
DA:22,0
DA:23,0
DA:26,0
DA:27,0
DA:28,0
DA:30,0
DA:31,0
DA:32,0
DA:33,0
DA:35,0
DA:39,0
DA:41,0
DA:42,0
DA:43,0
DA:44,0
DA:45,0
DA:47,0
DA:48,0
DA:49,0
DA:50,0
DA:51,0
DA:52,0
DA:54,0
DA:56,0
DA:57,0
LF:30
LH:1
end_of_record
SF:lib/features/home/widgets/quick_actions_panel.dart
DA:8,4
DA:9,1
DA:11,1
DA:14,1
DA:15,1
DA:16,1
DA:17,1
DA:18,1
DA:23,1
DA:24,1
DA:25,1
DA:26,0
LF:12
LH:11
end_of_record
SF:lib/features/home/widgets/daily_summary_panel.dart
DA:7,5
DA:9,2
DA:11,4
DA:12,2
DA:13,1
DA:14,3
DA:15,2
DA:16,2
DA:17,2
DA:18,2
DA:19,2
LF:11
LH:11
end_of_record
SF:lib/services/api/label_api.dart
DA:7,0
DA:9,0
DA:10,0
DA:11,0
DA:12,0
DA:14,0
DA:15,0
LF:7
LH:0
end_of_record
SF:lib/features/home/widgets/macro_row.dart
DA:13,3
DA:25,3
DA:27,3
DA:29,3
DA:30,9
DA:32,9
DA:34,9
DA:36,9
DA:41,3
DA:42,9
DA:43,3
DA:45,3
DA:46,3
DA:48,3
DA:49,12
DA:50,12
DA:54,3
DA:55,3
DA:56,3
LF:19
LH:19
end_of_record
SF:lib/features/recipes/screens/recipes_list_screen.dart
DA:8,4
DA:9,0
DA:10,0
DA:17,0
DA:19,0
DA:20,0
DA:23,0
DA:24,0
DA:26,0
DA:27,0
DA:28,0
DA:29,0
DA:31,0
DA:35,0
DA:37,0
DA:38,0
DA:39,0
DA:40,0
DA:41,0
DA:42,0
DA:43,0
DA:45,0
DA:46,0
DA:47,0
DA:48,0
DA:49,0
DA:51,0
DA:54,0
DA:55,0
LF:29
LH:1
end_of_record
SF:lib/features/settings/screens/buy_credits_screen.dart
DA:7,4
DA:8,0
DA:9,0
DA:15,0
DA:16,0
DA:18,0
DA:19,0
DA:20,0
DA:22,0
DA:26,0
DA:28,0
DA:29,0
DA:30,0
DA:31,0
DA:33,0
DA:34,0
DA:37,0
LF:17
LH:1
end_of_record
SF:lib/features/progress/screens/progress_screen.dart
DA:10,4
DA:12,1
DA:14,1
DA:15,1
DA:16,1
DA:18,1
DA:19,1
DA:20,1
DA:22,1
DA:24,1
DA:25,4
DA:27,4
DA:33,1
DA:36,0
DA:37,0
DA:40,1
DA:43,0
DA:44,0
DA:47,1
DA:50,0
DA:51,0
DA:54,1
DA:57,0
DA:58,0
DA:61,1
DA:64,0
DA:65,0
LF:27
LH:17
end_of_record
SF:lib/features/settings/screens/settings_screen.dart
DA:7,4
DA:9,1
DA:11,1
DA:12,1
DA:13,3
DA:14,1
DA:15,1
DA:16,1
DA:17,2
DA:19,0
DA:20,0
DA:23,1
DA:24,2
DA:26,0
DA:27,0
DA:29,0
DA:30,0
DA:31,0
DA:32,0
DA:33,0
DA:34,0
DA:38,0
LF:22
LH:11
end_of_record
SF:lib/features/progress/screens/adjust_goals_screen.dart
DA:5,4
DA:6,0
DA:7,0
DA:16,0
DA:18,0
DA:19,0
DA:20,0
DA:22,0
DA:23,0
DA:24,0
DA:25,0
DA:26,0
DA:28,0
DA:34,0
DA:35,0
DA:37,0
DA:38,0
DA:40,0
DA:42,0
LF:19
LH:1
end_of_record
SF:lib/features/progress/screens/bmi_screen.dart
DA:5,4
DA:7,0
DA:9,0
DA:10,0
LF:4
LH:1
end_of_record
SF:lib/features/progress/screens/change_goal_screen.dart
DA:5,4
DA:6,0
DA:7,0
DA:12,0
DA:14,0
DA:15,0
DA:16,0
DA:17,0
DA:18,0
DA:19,0
DA:20,0
DA:22,0
DA:24,0
LF:13
LH:1
end_of_record
SF:lib/features/progress/screens/weight_update_screen.dart
DA:8,4
DA:10,0
DA:11,0
DA:18,0
DA:19,0
DA:21,0
DA:22,0
DA:23,0
DA:24,0
DA:25,0
DA:26,0
DA:27,0
DA:29,0
DA:33,0
DA:35,0
DA:36,0
DA:37,0
DA:38,0
DA:40,0
DA:41,0
DA:43,0
DA:44,0
DA:49,0
DA:50,0
DA:53,0
DA:55,0
DA:56,0
LF:27
LH:1
end_of_record
SF:lib/features/progress/screens/refer_friend_screen.dart
DA:6,4
DA:7,0
DA:9,0
DA:10,0
DA:11,0
DA:13,0
DA:14,0
DA:17,0
LF:8
LH:1
end_of_record
SF:lib/features/settings/screens/language_screen.dart
DA:5,4
DA:6,0
DA:7,0
DA:13,0
DA:15,0
DA:16,0
DA:17,0
DA:18,0
DA:19,0
DA:20,0
DA:22,0
DA:24,0
DA:26,0
LF:13
LH:1
end_of_record
SF:lib/features/auth/screens/auth_screen.dart
DA:9,1
DA:10,1
DA:11,1
DA:20,0
DA:21,0
DA:23,0
DA:24,0
DA:25,0
DA:26,0
DA:27,0
DA:28,0
DA:29,0
DA:31,0
DA:33,0
DA:37,1
DA:39,1
DA:40,1
DA:41,3
DA:42,1
DA:43,1
DA:45,1
DA:46,1
DA:47,4
DA:49,4
DA:51,2
DA:52,1
DA:53,5
DA:54,1
DA:55,4
DA:56,4
LF:30
LH:19
end_of_record
